2021-03-25 15:14:40.807 INFO  [main]---start main()---
2021-03-25 15:14:40.807 DEBUG [CommonFactory]Start constructor CommonFactory
2021-03-25 15:14:40.808 DEBUG [CommonFactory]init this->rabbitMQ = get_path(RABBIT_MQ_FILE_NAME)
2021-03-25 15:14:40.808 DEBUG [CommonFactory]init this->routerMQ = get_path(ROUTER_MQ_FILE_NAME)
2021-03-25 15:14:40.808 DEBUG [main]is created 0x7ffc6b1ff8e0
2021-03-25 15:14:40.808 DEBUG [AbstractCommonFactory]Start init()
2021-03-25 15:14:40.808 DEBUG [AbstractCommonFactory]get_path_to_rmq_configuration() is successful
2021-03-25 15:14:40.808 DEBUG [AbstractCommonFactory]load_rabbit_mq_configuration() is successful
2021-03-25 15:14:40.808 DEBUG [AbstractCommonFactory]rmq_cfg is initialized
2021-03-25 15:14:40.808 DEBUG [AbstractCommonFactory]get_path_to_message_router_configuration() is successful
2021-03-25 15:14:40.809 DEBUG [AbstractCommonFactory]message_router_cfg is initialized
2021-03-25 15:14:40.809 DEBUG [AbstractCommonFactory]Start init() with params
2021-03-25 15:14:40.809 DEBUG [AbstractCommonFactory]message_router_group_batch is created 0x56289857e4a8
2021-03-25 15:14:40.809 DEBUG [ConnectionManager]Start constructor
2021-03-25 15:14:40.809 INFO  [ConnectionManager]_debug = 0
2021-03-25 15:14:40.809 DEBUG [AbstractCommonFactory]connection_manager_ptr is created 0x7ffc6b1ff600
2021-03-25 15:14:40.809 DEBUG [ConnectionManager]subscriber_name = 'rabbit_mq_subscriber.'
2021-03-25 15:14:40.809 DEBUG [ConnectionManager]amqp_new_connection() successful
2021-03-25 15:14:40.809 INFO  [ConnectionManager]amqp_tcp_socket_new(_conn) successful
2021-03-25 15:14:40.809 INFO  [ConnectionManager]Connecting to amqp://rabbitmq:***@127.0.0.1:5672//
2021-03-25 15:14:40.809 INFO  [ConnectionManager]amqp_socket_open() returns _status -9
2021-03-25 15:14:40.809 ERROR [ConnectionManager]RabbitMQ connection failed

2021-03-25 15:45:56.455 INFO  [main]---start main()---
2021-03-25 15:45:56.461 INFO  [ConnectionManager]_debug = 0
2021-03-25 15:45:56.461 INFO  [ConnectionManager]amqp_tcp_socket_new(_conn) successful
2021-03-25 15:45:56.461 INFO  [ConnectionManager]Connecting to amqp://rabbitmq:***@127.0.0.1:5672//
2021-03-25 15:45:56.461 INFO  [ConnectionManager]amqp_socket_open() returns _status -9
2021-03-25 15:45:56.461 ERROR [ConnectionManager]RabbitMQ connection failed
